app/build/outputs/logs/manifest-merger-debug-report.txt
-- Merging decision tree log ---
manifest
ADDED from src/main/AndroidManifest.xml:20:1-47:12
INJECTED from src/main/AndroidManifest.xml:20:1-47:12
INJECTED from src/main/AndroidManifest.xml:20:1-47:12
INJECTED from src/main/AndroidManifest.xml:20:1-47:12
MERGED from [android.arch.work:work-runtime-ktx:1.0.0-alpha05] AndroidManifest.xml:17:1-22:12
MERGED from [android.arch.work:work-runtime:1.0.0-alpha05] AndroidManifest.xml:17:1-97:12
MERGED from [com.android.support:design:27.1.1] AndroidManifest.xml:17:1-22:12
MERGED from [com.android.support:appcompat-v7:27.1.1] AndroidManifest.xml:17:1-22:12
MERGED from [com.android.support:cardview-v7:27.1.1] AndroidManifest.xml:17:1-22:12
MERGED from [com.android.support:support-v4:27.1.1] AndroidManifest.xml:17:1-22:12
MERGED from [com.android.support.constraint:constraint-layout:1.0.2] AndroidManifest.xml:2:1-11:12
MERGED from [com.github.bumptech.glide:glide:4.7.1] AndroidManifest.xml:2:1-13:12
MERGED from [android.arch.lifecycle:extensions:1.1.0] AndroidManifest.xml:17:1-30:12
MERGED from [android.arch.persistence.room:runtime:1.1.1-rc1] AndroidManifest.xml:17:1-22:12
MERGED from [com.android.support:support-fragment:27.1.1] AndroidManifest.xml:17:1-22:12
MERGED from [com.android.support:animated-vector-drawable:27.1.1] AndroidManifest.xml:17:1-22:12
MERGED from [com.android.support:recyclerview-v7:27.1.1] AndroidManifest.xml:17:1-22:12
MERGED from [com.android.support:support-core-ui:27.1.1] AndroidManifest.xml:17:1-22:12
MERGED from [com.android.support:support-core-utils:27.1.1] AndroidManifest.xml:17:1-22:12
MERGED from [com.android.support:support-vector-drawable:27.1.1] AndroidManifest.xml:17:1-22:12
MERGED from [com.android.support:transition:27.1.1] AndroidManifest.xml:17:1-22:12
MERGED from [com.android.support:support-media-compat:27.1.1] AndroidManifest.xml:17:1-22:12
MERGED from [com.android.support:support-compat:27.1.1] AndroidManifest.xml:17:1-22:12
MERGED from [com.github.bumptech.glide:gifdecoder:4.7.1] AndroidManifest.xml:2:1-11:12
MERGED from [android.arch.lifecycle:runtime:1.1.0] AndroidManifest.xml:17:1-22:12
MERGED from [android.arch.lifecycle:livedata:1.1.0] AndroidManifest.xml:17:1-22:12
MERGED from [android.arch.lifecycle:livedata-core:1.1.0] AndroidManifest.xml:17:1-22:12
MERGED from [android.arch.lifecycle:viewmodel:1.1.0] AndroidManifest.xml:17:1-22:12
MERGED from [android.arch.core:runtime:1.1.1] AndroidManifest.xml:17:1-22:12
MERGED from [android.arch.persistence:db-framework:1.1.1-rc1] AndroidManifest.xml:17:1-22:12
MERGED from [android.arch.persistence:db:1.1.1-rc1] AndroidManifest.xml:17:1-22:12
INJECTED from src/main/AndroidManifest.xml:20:1-47:12
INJECTED from src/main/AndroidManifest.xml:20:1-47:12
INJECTED from src/main/AndroidManifest.xml:20:1-47:12
	package
		ADDED from src/main/AndroidManifest.xml:20:11-43
		INJECTED from src/main/AndroidManifest.xml
		INJECTED from src/main/AndroidManifest.xml
	android:versionName
		INJECTED from src/main/AndroidManifest.xml
		ADDED from src/main/AndroidManifest.xml:20:1-47:12
		INJECTED from src/main/AndroidManifest.xml
	android:versionCode
		INJECTED from src/main/AndroidManifest.xml
		ADDED from src/main/AndroidManifest.xml:20:1-47:12
		INJECTED from src/main/AndroidManifest.xml
	xmlns:android
		ADDED from src/main/AndroidManifest.xml:21:11-69
uses-permission#android.permission.INTERNET
ADDED from src/main/AndroidManifest.xml:23:5-67
	android:name
		ADDED from src/main/AndroidManifest.xml:23:22-64
uses-permission#android.permission.READ_EXTERNAL_STORAGE
ADDED from src/main/AndroidManifest.xml:24:5-80
	android:name
		ADDED from src/main/AndroidManifest.xml:24:22-77
uses-permission#android.permission.WRITE_EXTERNAL_STORAGE
ADDED from src/main/AndroidManifest.xml:25:5-81
	android:name
		ADDED from src/main/AndroidManifest.xml:25:22-78
application
ADDED from src/main/AndroidManifest.xml:27:5-45:19
MERGED from [android.arch.work:work-runtime:1.0.0-alpha05] AndroidManifest.xml:26:5-95:19
MERGED from [android.arch.work:work-runtime:1.0.0-alpha05] AndroidManifest.xml:26:5-95:19
MERGED from [com.android.support.constraint:constraint-layout:1.0.2] AndroidManifest.xml:9:5-20
MERGED from [com.android.support.constraint:constraint-layout:1.0.2] AndroidManifest.xml:9:5-20
MERGED from [com.github.bumptech.glide:glide:4.7.1] AndroidManifest.xml:11:5-20
MERGED from [com.github.bumptech.glide:glide:4.7.1] AndroidManifest.xml:11:5-20
MERGED from [android.arch.lifecycle:extensions:1.1.0] AndroidManifest.xml:22:5-28:19
MERGED from [android.arch.lifecycle:extensions:1.1.0] AndroidManifest.xml:22:5-28:19
MERGED from [com.github.bumptech.glide:gifdecoder:4.7.1] AndroidManifest.xml:9:5-20
MERGED from [com.github.bumptech.glide:gifdecoder:4.7.1] AndroidManifest.xml:9:5-20
	android:supportsRtl
		ADDED from src/main/AndroidManifest.xml:32:9-35
	android:label
		ADDED from src/main/AndroidManifest.xml:30:9-41
	android:roundIcon
		ADDED from src/main/AndroidManifest.xml:31:9-54
	android:icon
		ADDED from src/main/AndroidManifest.xml:29:9-43
	android:allowBackup
		ADDED from src/main/AndroidManifest.xml:28:9-35
	android:theme
		ADDED from src/main/AndroidManifest.xml:33:9-40
activity#com.example.background.SelectImageActivity
ADDED from src/main/AndroidManifest.xml:35:9-40:20
	android:name
		ADDED from src/main/AndroidManifest.xml:35:19-54
intent-filter#action:name:android.intent.action.MAIN+category:name:android.intent.category.LAUNCHER
ADDED from src/main/AndroidManifest.xml:36:13-39:29
action#android.intent.action.MAIN
ADDED from src/main/AndroidManifest.xml:37:17-69
	android:name
		ADDED from src/main/AndroidManifest.xml:37:25-66
category#android.intent.category.LAUNCHER
ADDED from src/main/AndroidManifest.xml:38:17-77
	android:name
		ADDED from src/main/AndroidManifest.xml:38:27-74
activity#com.example.background.FilterActivity
ADDED from src/main/AndroidManifest.xml:42:9-43:20
	android:name
		ADDED from src/main/AndroidManifest.xml:42:19-49
uses-sdk
INJECTED from src/main/AndroidManifest.xml reason: use-sdk injection requested
INJECTED from src/main/AndroidManifest.xml
INJECTED from src/main/AndroidManifest.xml
MERGED from [android.arch.work:work-runtime-ktx:1.0.0-alpha05] AndroidManifest.xml:20:5-44
MERGED from [android.arch.work:work-runtime-ktx:1.0.0-alpha05] AndroidManifest.xml:20:5-44
MERGED from [android.arch.work:work-runtime:1.0.0-alpha05] AndroidManifest.xml:20:5-44
MERGED from [android.arch.work:work-runtime:1.0.0-alpha05] AndroidManifest.xml:20:5-44
MERGED from [com.android.support:design:27.1.1] AndroidManifest.xml:20:5-44
MERGED from [com.android.support:design:27.1.1] AndroidManifest.xml:20:5-44
MERGED from [com.android.support:appcompat-v7:27.1.1] AndroidManifest.xml:20:5-44
MERGED from [com.android.support:appcompat-v7:27.1.1] AndroidManifest.xml:20:5-44
MERGED from [com.android.support:cardview-v7:27.1.1] AndroidManifest.xml:20:5-44
MERGED from [com.android.support:cardview-v7:27.1.1] AndroidManifest.xml:20:5-44
MERGED from [com.android.support:support-v4:27.1.1] AndroidManifest.xml:20:5-44
MERGED from [com.android.support:support-v4:27.1.1] AndroidManifest.xml:20:5-44
MERGED from [com.android.support.constraint:constraint-layout:1.0.2] AndroidManifest.xml:5:5-7:41
MERGED from [com.android.support.constraint:constraint-layout:1.0.2] AndroidManifest.xml:5:5-7:41
MERGED from [com.github.bumptech.glide:glide:4.7.1] AndroidManifest.xml:7:5-9:41
MERGED from [com.github.bumptech.glide:glide:4.7.1] AndroidManifest.xml:7:5-9:41
MERGED from [android.arch.lifecycle:extensions:1.1.0] AndroidManifest.xml:20:5-44
MERGED from [android.arch.lifecycle:extensions:1.1.0] AndroidManifest.xml:20:5-44
MERGED from [android.arch.persistence.room:runtime:1.1.1-rc1] AndroidManifest.xml:20:5-44
MERGED from [android.arch.persistence.room:runtime:1.1.1-rc1] AndroidManifest.xml:20:5-44
MERGED from [com.android.support:support-fragment:27.1.1] AndroidManifest.xml:20:5-44
MERGED from [com.android.support:support-fragment:27.1.1] AndroidManifest.xml:20:5-44
MERGED from [com.android.support:animated-vector-drawable:27.1.1] AndroidManifest.xml:20:5-44
MERGED from [com.android.support:animated-vector-drawable:27.1.1] AndroidManifest.xml:20:5-44
MERGED from [com.android.support:recyclerview-v7:27.1.1] AndroidManifest.xml:20:5-44
MERGED from [com.android.support:recyclerview-v7:27.1.1] AndroidManifest.xml:20:5-44
MERGED from [com.android.support:support-core-ui:27.1.1] AndroidManifest.xml:20:5-44
MERGED from [com.android.support:support-core-ui:27.1.1] AndroidManifest.xml:20:5-44
MERGED from [com.android.support:support-core-utils:27.1.1] AndroidManifest.xml:20:5-44
MERGED from [com.android.support:support-core-utils:27.1.1] AndroidManifest.xml:20:5-44
MERGED from [com.android.support:support-vector-drawable:27.1.1] AndroidManifest.xml:20:5-44
MERGED from [com.android.support:support-vector-drawable:27.1.1] AndroidManifest.xml:20:5-44
MERGED from [com.android.support:transition:27.1.1] AndroidManifest.xml:20:5-44
MERGED from [com.android.support:transition:27.1.1] AndroidManifest.xml:20:5-44
MERGED from [com.android.support:support-media-compat:27.1.1] AndroidManifest.xml:20:5-44
MERGED from [com.android.support:support-media-compat:27.1.1] AndroidManifest.xml:20:5-44
MERGED from [com.android.support:support-compat:27.1.1] AndroidManifest.xml:20:5-44
MERGED from [com.android.support:support-compat:27.1.1] AndroidManifest.xml:20:5-44
MERGED from [com.github.bumptech.glide:gifdecoder:4.7.1] AndroidManifest.xml:5:5-7:41
MERGED from [com.github.bumptech.glide:gifdecoder:4.7.1] AndroidManifest.xml:5:5-7:41
MERGED from [android.arch.lifecycle:runtime:1.1.0] AndroidManifest.xml:20:5-44
MERGED from [android.arch.lifecycle:runtime:1.1.0] AndroidManifest.xml:20:5-44
MERGED from [android.arch.lifecycle:livedata:1.1.0] AndroidManifest.xml:20:5-44
MERGED from [android.arch.lifecycle:livedata:1.1.0] AndroidManifest.xml:20:5-44
MERGED from [android.arch.lifecycle:livedata-core:1.1.0] AndroidManifest.xml:20:5-44
MERGED from [android.arch.lifecycle:livedata-core:1.1.0] AndroidManifest.xml:20:5-44
MERGED from [android.arch.lifecycle:viewmodel:1.1.0] AndroidManifest.xml:20:5-44
MERGED from [android.arch.lifecycle:viewmodel:1.1.0] AndroidManifest.xml:20:5-44
MERGED from [android.arch.core:runtime:1.1.1] AndroidManifest.xml:20:5-44
MERGED from [android.arch.core:runtime:1.1.1] AndroidManifest.xml:20:5-44
MERGED from [android.arch.persistence:db-framework:1.1.1-rc1] AndroidManifest.xml:20:5-44
MERGED from [android.arch.persistence:db-framework:1.1.1-rc1] AndroidManifest.xml:20:5-44
MERGED from [android.arch.persistence:db:1.1.1-rc1] AndroidManifest.xml:20:5-44
MERGED from [android.arch.persistence:db:1.1.1-rc1] AndroidManifest.xml:20:5-44
INJECTED from src/main/AndroidManifest.xml
INJECTED from src/main/AndroidManifest.xml
	android:targetSdkVersion
		INJECTED from src/main/AndroidManifest.xml
		ADDED from src/main/AndroidManifest.xml
		INJECTED from src/main/AndroidManifest.xml
	android:minSdkVersion
		INJECTED from src/main/AndroidManifest.xml
		ADDED from src/main/AndroidManifest.xml
		INJECTED from src/main/AndroidManifest.xml
uses-permission#android.permission.WAKE_LOCK
ADDED from [android.arch.work:work-runtime:1.0.0-alpha05] AndroidManifest.xml:22:5-68
	android:name
		ADDED from [android.arch.work:work-runtime:1.0.0-alpha05] AndroidManifest.xml:22:22-65
uses-permission#android.permission.ACCESS_NETWORK_STATE
ADDED from [android.arch.work:work-runtime:1.0.0-alpha05] AndroidManifest.xml:23:5-79
	android:name
		ADDED from [android.arch.work:work-runtime:1.0.0-alpha05] AndroidManifest.xml:23:22-76
uses-permission#android.permission.RECEIVE_BOOT_COMPLETED
ADDED from [android.arch.work:work-runtime:1.0.0-alpha05] AndroidManifest.xml:24:5-81
	android:name
		ADDED from [android.arch.work:work-runtime:1.0.0-alpha05] AndroidManifest.xml:24:22-78
provider#androidx.work.impl.WorkManagerInitializer
ADDED from [android.arch.work:work-runtime:1.0.0-alpha05] AndroidManifest.xml:27:9-31:43
	android:authorities
		ADDED from [android.arch.work:work-runtime:1.0.0-alpha05] AndroidManifest.xml:29:13-68
	android:multiprocess
		ADDED from [android.arch.work:work-runtime:1.0.0-alpha05] AndroidManifest.xml:31:13-40
	android:exported
		ADDED from [android.arch.work:work-runtime:1.0.0-alpha05] AndroidManifest.xml:30:13-37
	android:name
		ADDED from [android.arch.work:work-runtime:1.0.0-alpha05] AndroidManifest.xml:28:13-69
service#androidx.work.impl.background.systemalarm.SystemAlarmService
ADDED from [android.arch.work:work-runtime:1.0.0-alpha05] AndroidManifest.xml:33:9-36:40
	android:enabled
		ADDED from [android.arch.work:work-runtime:1.0.0-alpha05] AndroidManifest.xml:35:13-72
	android:exported
		ADDED from [android.arch.work:work-runtime:1.0.0-alpha05] AndroidManifest.xml:36:13-37
	android:name
		ADDED from [android.arch.work:work-runtime:1.0.0-alpha05] AndroidManifest.xml:34:13-88
service#androidx.work.impl.background.systemjob.SystemJobService
ADDED from [android.arch.work:work-runtime:1.0.0-alpha05] AndroidManifest.xml:37:9-41:72
	android:enabled
		ADDED from [android.arch.work:work-runtime:1.0.0-alpha05] AndroidManifest.xml:39:13-70
	android:exported
		ADDED from [android.arch.work:work-runtime:1.0.0-alpha05] AndroidManifest.xml:40:13-36
	android:permission
		ADDED from [android.arch.work:work-runtime:1.0.0-alpha05] AndroidManifest.xml:41:13-69
	android:name
		ADDED from [android.arch.work:work-runtime:1.0.0-alpha05] AndroidManifest.xml:38:13-84
receiver#androidx.work.impl.utils.ForceStopRunnable$BroadcastReceiver
ADDED from [android.arch.work:work-runtime:1.0.0-alpha05] AndroidManifest.xml:43:9-46:40
	android:enabled
		ADDED from [android.arch.work:work-runtime:1.0.0-alpha05] AndroidManifest.xml:45:13-35
	android:exported
		ADDED from [android.arch.work:work-runtime:1.0.0-alpha05] AndroidManifest.xml:46:13-37
	android:name
		ADDED from [android.arch.work:work-runtime:1.0.0-alpha05] AndroidManifest.xml:44:13-88
receiver#androidx.work.impl.background.systemalarm.ConstraintProxy$BatteryChargingProxy
ADDED from [android.arch.work:work-runtime:1.0.0-alpha05] AndroidManifest.xml:47:9-54:20
	android:enabled
		ADDED from [android.arch.work:work-runtime:1.0.0-alpha05] AndroidManifest.xml:49:13-36
	android:name
		ADDED from [android.arch.work:work-runtime:1.0.0-alpha05] AndroidManifest.xml:48:13-106
intent-filter#action:name:android.intent.action.ACTION_POWER_CONNECTED+action:name:android.intent.action.ACTION_POWER_DISCONNECTED
ADDED from [android.arch.work:work-runtime:1.0.0-alpha05] AndroidManifest.xml:50:13-53:29
action#android.intent.action.ACTION_POWER_CONNECTED
ADDED from [android.arch.work:work-runtime:1.0.0-alpha05] AndroidManifest.xml:51:17-87
	android:name
		ADDED from [android.arch.work:work-runtime:1.0.0-alpha05] AndroidManifest.xml:51:25-84
action#android.intent.action.ACTION_POWER_DISCONNECTED
ADDED from [android.arch.work:work-runtime:1.0.0-alpha05] AndroidManifest.xml:52:17-90
	android:name
		ADDED from [android.arch.work:work-runtime:1.0.0-alpha05] AndroidManifest.xml:52:25-87
receiver#androidx.work.impl.background.systemalarm.ConstraintProxy$BatteryNotLowProxy
ADDED from [android.arch.work:work-runtime:1.0.0-alpha05] AndroidManifest.xml:55:9-62:20
	android:enabled
		ADDED from [android.arch.work:work-runtime:1.0.0-alpha05] AndroidManifest.xml:57:13-36
	android:name
		ADDED from [android.arch.work:work-runtime:1.0.0-alpha05] AndroidManifest.xml:56:13-104
intent-filter#action:name:android.intent.action.BATTERY_LOW+action:name:android.intent.action.BATTERY_OKAY
ADDED from [android.arch.work:work-runtime:1.0.0-alpha05] AndroidManifest.xml:58:13-61:29
action#android.intent.action.BATTERY_OKAY
ADDED from [android.arch.work:work-runtime:1.0.0-alpha05] AndroidManifest.xml:59:17-77
	android:name
		ADDED from [android.arch.work:work-runtime:1.0.0-alpha05] AndroidManifest.xml:59:25-74
action#android.intent.action.BATTERY_LOW
ADDED from [android.arch.work:work-runtime:1.0.0-alpha05] AndroidManifest.xml:60:17-76
	android:name
		ADDED from [android.arch.work:work-runtime:1.0.0-alpha05] AndroidManifest.xml:60:25-73
receiver#androidx.work.impl.background.systemalarm.ConstraintProxy$StorageNotLowProxy
ADDED from [android.arch.work:work-runtime:1.0.0-alpha05] AndroidManifest.xml:63:9-70:20
	android:enabled
		ADDED from [android.arch.work:work-runtime:1.0.0-alpha05] AndroidManifest.xml:65:13-36
	android:name
		ADDED from [android.arch.work:work-runtime:1.0.0-alpha05] AndroidManifest.xml:64:13-104
intent-filter#action:name:android.intent.action.DEVICE_STORAGE_LOW+action:name:android.intent.action.DEVICE_STORAGE_OK
ADDED from [android.arch.work:work-runtime:1.0.0-alpha05] AndroidManifest.xml:66:13-69:29
action#android.intent.action.DEVICE_STORAGE_LOW
ADDED from [android.arch.work:work-runtime:1.0.0-alpha05] AndroidManifest.xml:67:17-83
	android:name
		ADDED from [android.arch.work:work-runtime:1.0.0-alpha05] AndroidManifest.xml:67:25-80
action#android.intent.action.DEVICE_STORAGE_OK
ADDED from [android.arch.work:work-runtime:1.0.0-alpha05] AndroidManifest.xml:68:17-82
	android:name
		ADDED from [android.arch.work:work-runtime:1.0.0-alpha05] AndroidManifest.xml:68:25-79
receiver#androidx.work.impl.background.systemalarm.ConstraintProxy$NetworkStateProxy
ADDED from [android.arch.work:work-runtime:1.0.0-alpha05] AndroidManifest.xml:71:9-77:20
	android:enabled
		ADDED from [android.arch.work:work-runtime:1.0.0-alpha05] AndroidManifest.xml:73:13-36
	android:name
		ADDED from [android.arch.work:work-runtime:1.0.0-alpha05] AndroidManifest.xml:72:13-103
intent-filter#action:name:android.net.conn.CONNECTIVITY_CHANGE
ADDED from [android.arch.work:work-runtime:1.0.0-alpha05] AndroidManifest.xml:74:13-76:29
action#android.net.conn.CONNECTIVITY_CHANGE
ADDED from [android.arch.work:work-runtime:1.0.0-alpha05] AndroidManifest.xml:75:17-79
	android:name
		ADDED from [android.arch.work:work-runtime:1.0.0-alpha05] AndroidManifest.xml:75:25-76
receiver#androidx.work.impl.background.systemalarm.RescheduleReceiver
ADDED from [android.arch.work:work-runtime:1.0.0-alpha05] AndroidManifest.xml:78:9-86:20
	android:enabled
		ADDED from [android.arch.work:work-runtime:1.0.0-alpha05] AndroidManifest.xml:80:13-35
	android:name
		ADDED from [android.arch.work:work-runtime:1.0.0-alpha05] AndroidManifest.xml:79:13-88
intent-filter#action:name:android.intent.action.BOOT_COMPLETED+action:name:android.intent.action.TIMEZONE_CHANGED+action:name:android.intent.action.TIME_SET
ADDED from [android.arch.work:work-runtime:1.0.0-alpha05] AndroidManifest.xml:81:13-85:29
action#android.intent.action.BOOT_COMPLETED
ADDED from [android.arch.work:work-runtime:1.0.0-alpha05] AndroidManifest.xml:82:17-79
	android:name
		ADDED from [android.arch.work:work-runtime:1.0.0-alpha05] AndroidManifest.xml:82:25-76
action#android.intent.action.TIME_SET
ADDED from [android.arch.work:work-runtime:1.0.0-alpha05] AndroidManifest.xml:83:17-73
	android:name
		ADDED from [android.arch.work:work-runtime:1.0.0-alpha05] AndroidManifest.xml:83:25-70
action#android.intent.action.TIMEZONE_CHANGED
ADDED from [android.arch.work:work-runtime:1.0.0-alpha05] AndroidManifest.xml:84:17-81
	android:name
		ADDED from [android.arch.work:work-runtime:1.0.0-alpha05] AndroidManifest.xml:84:25-78
receiver#androidx.work.impl.background.systemalarm.ConstraintProxyUpdateReceiver
ADDED from [android.arch.work:work-runtime:1.0.0-alpha05] AndroidManifest.xml:87:9-94:20
	android:enabled
		ADDED from [android.arch.work:work-runtime:1.0.0-alpha05] AndroidManifest.xml:89:13-72
	android:exported
		ADDED from [android.arch.work:work-runtime:1.0.0-alpha05] AndroidManifest.xml:90:13-37
	android:name
		ADDED from [android.arch.work:work-runtime:1.0.0-alpha05] AndroidManifest.xml:88:13-99
intent-filter#action:name:androidx.work.impl.background.systemalarm.UpdateProxies
ADDED from [android.arch.work:work-runtime:1.0.0-alpha05] AndroidManifest.xml:91:13-93:29
action#androidx.work.impl.background.systemalarm.UpdateProxies
ADDED from [android.arch.work:work-runtime:1.0.0-alpha05] AndroidManifest.xml:92:17-98
	android:name
		ADDED from [android.arch.work:work-runtime:1.0.0-alpha05] AndroidManifest.xml:92:25-95
provider#android.arch.lifecycle.ProcessLifecycleOwnerInitializer
ADDED from [android.arch.lifecycle:extensions:1.1.0] AndroidManifest.xml:23:9-27:43
	android:authorities
		ADDED from [android.arch.lifecycle:extensions:1.1.0] AndroidManifest.xml:25:13-68
	android:multiprocess
		ADDED from [android.arch.lifecycle:extensions:1.1.0] AndroidManifest.xml:27:13-40
	android:exported
		ADDED from [android.arch.lifecycle:extensions:1.1.0] AndroidManifest.xml:26:13-37
	android:name
		ADDED from [android.arch.lifecycle:extensions:1.1.0] AndroidManifest.xml:24:13-83